<?xml version="1.0" encoding="UTF-8"?>
<testsuite xmlns:xsi="http://www.w3.org/2001/XMLSchema-instance" xsi:noNamespaceSchemaLocation="https://maven.apache.org/surefire/maven-surefire-plugin/xsd/surefire-test-report.xsd" name="TestSuite" time="200.92" tests="14" errors="0" skipped="0" failures="13">
  <properties>
    <property name="java.specification.version" value="17"/>
    <property name="sun.cpu.isalist" value="amd64"/>
    <property name="sun.jnu.encoding" value="Cp1252"/>
    <property name="java.class.path" value="C:\Eclipseworkspacenew\SeleniumAutomationFrameworkPOM\target\test-classes;C:\Eclipseworkspacenew\SeleniumAutomationFrameworkPOM\target\classes;C:\Users\ramil\.m2\repository\org\apache\poi\poi\5.2.5\poi-5.2.5.jar;C:\Users\ramil\.m2\repository\commons-codec\commons-codec\1.16.0\commons-codec-1.16.0.jar;C:\Users\ramil\.m2\repository\org\apache\commons\commons-collections4\4.4\commons-collections4-4.4.jar;C:\Users\ramil\.m2\repository\org\apache\commons\commons-math3\3.6.1\commons-math3-3.6.1.jar;C:\Users\ramil\.m2\repository\commons-io\commons-io\2.15.0\commons-io-2.15.0.jar;C:\Users\ramil\.m2\repository\com\zaxxer\SparseBitSet\1.3\SparseBitSet-1.3.jar;C:\Users\ramil\.m2\repository\org\apache\poi\poi-ooxml\5.2.5\poi-ooxml-5.2.5.jar;C:\Users\ramil\.m2\repository\org\apache\poi\poi-ooxml-lite\5.2.5\poi-ooxml-lite-5.2.5.jar;C:\Users\ramil\.m2\repository\org\apache\xmlbeans\xmlbeans\5.2.0\xmlbeans-5.2.0.jar;C:\Users\ramil\.m2\repository\org\apache\commons\commons-compress\1.25.0\commons-compress-1.25.0.jar;C:\Users\ramil\.m2\repository\com\github\virtuald\curvesapi\1.08\curvesapi-1.08.jar;C:\Users\ramil\.m2\repository\org\seleniumhq\selenium\selenium-java\3.141.59\selenium-java-3.141.59.jar;C:\Users\ramil\.m2\repository\org\seleniumhq\selenium\selenium-api\3.141.59\selenium-api-3.141.59.jar;C:\Users\ramil\.m2\repository\org\seleniumhq\selenium\selenium-chrome-driver\3.141.59\selenium-chrome-driver-3.141.59.jar;C:\Users\ramil\.m2\repository\org\seleniumhq\selenium\selenium-edge-driver\3.141.59\selenium-edge-driver-3.141.59.jar;C:\Users\ramil\.m2\repository\org\seleniumhq\selenium\selenium-firefox-driver\3.141.59\selenium-firefox-driver-3.141.59.jar;C:\Users\ramil\.m2\repository\org\seleniumhq\selenium\selenium-ie-driver\3.141.59\selenium-ie-driver-3.141.59.jar;C:\Users\ramil\.m2\repository\org\seleniumhq\selenium\selenium-opera-driver\3.141.59\selenium-opera-driver-3.141.59.jar;C:\Users\ramil\.m2\repository\org\seleniumhq\selenium\selenium-remote-driver\3.141.59\selenium-remote-driver-3.141.59.jar;C:\Users\ramil\.m2\repository\org\seleniumhq\selenium\selenium-safari-driver\3.141.59\selenium-safari-driver-3.141.59.jar;C:\Users\ramil\.m2\repository\org\seleniumhq\selenium\selenium-support\3.141.59\selenium-support-3.141.59.jar;C:\Users\ramil\.m2\repository\net\bytebuddy\byte-buddy\1.8.15\byte-buddy-1.8.15.jar;C:\Users\ramil\.m2\repository\org\apache\commons\commons-exec\1.3\commons-exec-1.3.jar;C:\Users\ramil\.m2\repository\com\google\guava\guava\25.0-jre\guava-25.0-jre.jar;C:\Users\ramil\.m2\repository\com\google\code\findbugs\jsr305\1.3.9\jsr305-1.3.9.jar;C:\Users\ramil\.m2\repository\org\checkerframework\checker-compat-qual\2.0.0\checker-compat-qual-2.0.0.jar;C:\Users\ramil\.m2\repository\com\google\errorprone\error_prone_annotations\2.1.3\error_prone_annotations-2.1.3.jar;C:\Users\ramil\.m2\repository\com\google\j2objc\j2objc-annotations\1.1\j2objc-annotations-1.1.jar;C:\Users\ramil\.m2\repository\org\codehaus\mojo\animal-sniffer-annotations\1.14\animal-sniffer-annotations-1.14.jar;C:\Users\ramil\.m2\repository\com\squareup\okhttp3\okhttp\3.11.0\okhttp-3.11.0.jar;C:\Users\ramil\.m2\repository\com\squareup\okio\okio\1.14.0\okio-1.14.0.jar;C:\Users\ramil\.m2\repository\io\github\bonigarcia\webdrivermanager\5.6.3\webdrivermanager-5.6.3.jar;C:\Users\ramil\.m2\repository\org\slf4j\slf4j-api\2.0.10\slf4j-api-2.0.10.jar;C:\Users\ramil\.m2\repository\com\google\code\gson\gson\2.10.1\gson-2.10.1.jar;C:\Users\ramil\.m2\repository\com\github\docker-java\docker-java\3.3.4\docker-java-3.3.4.jar;C:\Users\ramil\.m2\repository\com\github\docker-java\docker-java-core\3.3.4\docker-java-core-3.3.4.jar;C:\Users\ramil\.m2\repository\com\github\docker-java\docker-java-api\3.3.4\docker-java-api-3.3.4.jar;C:\Users\ramil\.m2\repository\com\fasterxml\jackson\core\jackson-annotations\2.10.3\jackson-annotations-2.10.3.jar;C:\Users\ramil\.m2\repository\com\fasterxml\jackson\core\jackson-databind\2.10.3\jackson-databind-2.10.3.jar;C:\Users\ramil\.m2\repository\com\fasterxml\jackson\core\jackson-core\2.10.3\jackson-core-2.10.3.jar;C:\Users\ramil\.m2\repository\org\bouncycastle\bcpkix-jdk18on\1.76\bcpkix-jdk18on-1.76.jar;C:\Users\ramil\.m2\repository\org\bouncycastle\bcprov-jdk18on\1.76\bcprov-jdk18on-1.76.jar;C:\Users\ramil\.m2\repository\org\bouncycastle\bcutil-jdk18on\1.76\bcutil-jdk18on-1.76.jar;C:\Users\ramil\.m2\repository\org\slf4j\jcl-over-slf4j\1.7.30\jcl-over-slf4j-1.7.30.jar;C:\Users\ramil\.m2\repository\com\github\docker-java\docker-java-transport-httpclient5\3.3.4\docker-java-transport-httpclient5-3.3.4.jar;C:\Users\ramil\.m2\repository\com\github\docker-java\docker-java-transport\3.3.4\docker-java-transport-3.3.4.jar;C:\Users\ramil\.m2\repository\net\java\dev\jna\jna\5.13.0\jna-5.13.0.jar;C:\Users\ramil\.m2\repository\org\brotli\dec\0.1.2\dec-0.1.2.jar;C:\Users\ramil\.m2\repository\org\apache\commons\commons-lang3\3.14.0\commons-lang3-3.14.0.jar;C:\Users\ramil\.m2\repository\org\apache\httpcomponents\client5\httpclient5\5.2.1\httpclient5-5.2.1.jar;C:\Users\ramil\.m2\repository\org\apache\httpcomponents\core5\httpcore5\5.2\httpcore5-5.2.jar;C:\Users\ramil\.m2\repository\org\apache\httpcomponents\core5\httpcore5-h2\5.2\httpcore5-h2-5.2.jar;C:\Users\ramil\.m2\repository\org\testng\testng\7.7.1\testng-7.7.1.jar;C:\Users\ramil\.m2\repository\com\beust\jcommander\1.82\jcommander-1.82.jar;C:\Users\ramil\.m2\repository\org\webjars\jquery\3.6.1\jquery-3.6.1.jar;C:\Users\ramil\.m2\repository\org\apache\logging\log4j\log4j-core\2.22.1\log4j-core-2.22.1.jar;C:\Users\ramil\.m2\repository\org\apache\logging\log4j\log4j-api\2.22.1\log4j-api-2.22.1.jar;C:\Users\ramil\.m2\repository\com\aventstack\extentreports\5.0.9\extentreports-5.0.9.jar;C:\Users\ramil\.m2\repository\io\reactivex\rxjava3\rxjava\3.0.4\rxjava-3.0.4.jar;C:\Users\ramil\.m2\repository\org\reactivestreams\reactive-streams\1.0.3\reactive-streams-1.0.3.jar;C:\Users\ramil\.m2\repository\org\freemarker\freemarker\2.3.30\freemarker-2.3.30.jar;C:\Users\ramil\.m2\repository\org\projectlombok\lombok\1.18.28\lombok-1.18.28.jar;"/>
    <property name="java.vm.vendor" value="Oracle Corporation"/>
    <property name="sun.arch.data.model" value="64"/>
    <property name="user.variant" value=""/>
    <property name="java.vendor.url" value="https://java.oracle.com/"/>
    <property name="user.timezone" value="America/Chicago"/>
    <property name="os.name" value="Windows 11"/>
    <property name="java.vm.specification.version" value="17"/>
    <property name="sun.java.launcher" value="SUN_STANDARD"/>
    <property name="user.country" value="US"/>
    <property name="sun.boot.library.path" value="C:\Program Files\Java\jdk-17\bin"/>
    <property name="sun.java.command" value="C:\Users\ramil\AppData\Local\Temp\surefire17600626628612412285\surefirebooter14800785870388278991.jar C:\Users\ramil\AppData\Local\Temp\surefire17600626628612412285 2024-05-24T17-41-29_166-jvmRun1 surefire4952760519511137045tmp surefire_07408097695623170351tmp"/>
    <property name="jdk.debug" value="release"/>
    <property name="surefire.test.class.path" value="C:\Eclipseworkspacenew\SeleniumAutomationFrameworkPOM\target\test-classes;C:\Eclipseworkspacenew\SeleniumAutomationFrameworkPOM\target\classes;C:\Users\ramil\.m2\repository\org\apache\poi\poi\5.2.5\poi-5.2.5.jar;C:\Users\ramil\.m2\repository\commons-codec\commons-codec\1.16.0\commons-codec-1.16.0.jar;C:\Users\ramil\.m2\repository\org\apache\commons\commons-collections4\4.4\commons-collections4-4.4.jar;C:\Users\ramil\.m2\repository\org\apache\commons\commons-math3\3.6.1\commons-math3-3.6.1.jar;C:\Users\ramil\.m2\repository\commons-io\commons-io\2.15.0\commons-io-2.15.0.jar;C:\Users\ramil\.m2\repository\com\zaxxer\SparseBitSet\1.3\SparseBitSet-1.3.jar;C:\Users\ramil\.m2\repository\org\apache\poi\poi-ooxml\5.2.5\poi-ooxml-5.2.5.jar;C:\Users\ramil\.m2\repository\org\apache\poi\poi-ooxml-lite\5.2.5\poi-ooxml-lite-5.2.5.jar;C:\Users\ramil\.m2\repository\org\apache\xmlbeans\xmlbeans\5.2.0\xmlbeans-5.2.0.jar;C:\Users\ramil\.m2\repository\org\apache\commons\commons-compress\1.25.0\commons-compress-1.25.0.jar;C:\Users\ramil\.m2\repository\com\github\virtuald\curvesapi\1.08\curvesapi-1.08.jar;C:\Users\ramil\.m2\repository\org\seleniumhq\selenium\selenium-java\3.141.59\selenium-java-3.141.59.jar;C:\Users\ramil\.m2\repository\org\seleniumhq\selenium\selenium-api\3.141.59\selenium-api-3.141.59.jar;C:\Users\ramil\.m2\repository\org\seleniumhq\selenium\selenium-chrome-driver\3.141.59\selenium-chrome-driver-3.141.59.jar;C:\Users\ramil\.m2\repository\org\seleniumhq\selenium\selenium-edge-driver\3.141.59\selenium-edge-driver-3.141.59.jar;C:\Users\ramil\.m2\repository\org\seleniumhq\selenium\selenium-firefox-driver\3.141.59\selenium-firefox-driver-3.141.59.jar;C:\Users\ramil\.m2\repository\org\seleniumhq\selenium\selenium-ie-driver\3.141.59\selenium-ie-driver-3.141.59.jar;C:\Users\ramil\.m2\repository\org\seleniumhq\selenium\selenium-opera-driver\3.141.59\selenium-opera-driver-3.141.59.jar;C:\Users\ramil\.m2\repository\org\seleniumhq\selenium\selenium-remote-driver\3.141.59\selenium-remote-driver-3.141.59.jar;C:\Users\ramil\.m2\repository\org\seleniumhq\selenium\selenium-safari-driver\3.141.59\selenium-safari-driver-3.141.59.jar;C:\Users\ramil\.m2\repository\org\seleniumhq\selenium\selenium-support\3.141.59\selenium-support-3.141.59.jar;C:\Users\ramil\.m2\repository\net\bytebuddy\byte-buddy\1.8.15\byte-buddy-1.8.15.jar;C:\Users\ramil\.m2\repository\org\apache\commons\commons-exec\1.3\commons-exec-1.3.jar;C:\Users\ramil\.m2\repository\com\google\guava\guava\25.0-jre\guava-25.0-jre.jar;C:\Users\ramil\.m2\repository\com\google\code\findbugs\jsr305\1.3.9\jsr305-1.3.9.jar;C:\Users\ramil\.m2\repository\org\checkerframework\checker-compat-qual\2.0.0\checker-compat-qual-2.0.0.jar;C:\Users\ramil\.m2\repository\com\google\errorprone\error_prone_annotations\2.1.3\error_prone_annotations-2.1.3.jar;C:\Users\ramil\.m2\repository\com\google\j2objc\j2objc-annotations\1.1\j2objc-annotations-1.1.jar;C:\Users\ramil\.m2\repository\org\codehaus\mojo\animal-sniffer-annotations\1.14\animal-sniffer-annotations-1.14.jar;C:\Users\ramil\.m2\repository\com\squareup\okhttp3\okhttp\3.11.0\okhttp-3.11.0.jar;C:\Users\ramil\.m2\repository\com\squareup\okio\okio\1.14.0\okio-1.14.0.jar;C:\Users\ramil\.m2\repository\io\github\bonigarcia\webdrivermanager\5.6.3\webdrivermanager-5.6.3.jar;C:\Users\ramil\.m2\repository\org\slf4j\slf4j-api\2.0.10\slf4j-api-2.0.10.jar;C:\Users\ramil\.m2\repository\com\google\code\gson\gson\2.10.1\gson-2.10.1.jar;C:\Users\ramil\.m2\repository\com\github\docker-java\docker-java\3.3.4\docker-java-3.3.4.jar;C:\Users\ramil\.m2\repository\com\github\docker-java\docker-java-core\3.3.4\docker-java-core-3.3.4.jar;C:\Users\ramil\.m2\repository\com\github\docker-java\docker-java-api\3.3.4\docker-java-api-3.3.4.jar;C:\Users\ramil\.m2\repository\com\fasterxml\jackson\core\jackson-annotations\2.10.3\jackson-annotations-2.10.3.jar;C:\Users\ramil\.m2\repository\com\fasterxml\jackson\core\jackson-databind\2.10.3\jackson-databind-2.10.3.jar;C:\Users\ramil\.m2\repository\com\fasterxml\jackson\core\jackson-core\2.10.3\jackson-core-2.10.3.jar;C:\Users\ramil\.m2\repository\org\bouncycastle\bcpkix-jdk18on\1.76\bcpkix-jdk18on-1.76.jar;C:\Users\ramil\.m2\repository\org\bouncycastle\bcprov-jdk18on\1.76\bcprov-jdk18on-1.76.jar;C:\Users\ramil\.m2\repository\org\bouncycastle\bcutil-jdk18on\1.76\bcutil-jdk18on-1.76.jar;C:\Users\ramil\.m2\repository\org\slf4j\jcl-over-slf4j\1.7.30\jcl-over-slf4j-1.7.30.jar;C:\Users\ramil\.m2\repository\com\github\docker-java\docker-java-transport-httpclient5\3.3.4\docker-java-transport-httpclient5-3.3.4.jar;C:\Users\ramil\.m2\repository\com\github\docker-java\docker-java-transport\3.3.4\docker-java-transport-3.3.4.jar;C:\Users\ramil\.m2\repository\net\java\dev\jna\jna\5.13.0\jna-5.13.0.jar;C:\Users\ramil\.m2\repository\org\brotli\dec\0.1.2\dec-0.1.2.jar;C:\Users\ramil\.m2\repository\org\apache\commons\commons-lang3\3.14.0\commons-lang3-3.14.0.jar;C:\Users\ramil\.m2\repository\org\apache\httpcomponents\client5\httpclient5\5.2.1\httpclient5-5.2.1.jar;C:\Users\ramil\.m2\repository\org\apache\httpcomponents\core5\httpcore5\5.2\httpcore5-5.2.jar;C:\Users\ramil\.m2\repository\org\apache\httpcomponents\core5\httpcore5-h2\5.2\httpcore5-h2-5.2.jar;C:\Users\ramil\.m2\repository\org\testng\testng\7.7.1\testng-7.7.1.jar;C:\Users\ramil\.m2\repository\com\beust\jcommander\1.82\jcommander-1.82.jar;C:\Users\ramil\.m2\repository\org\webjars\jquery\3.6.1\jquery-3.6.1.jar;C:\Users\ramil\.m2\repository\org\apache\logging\log4j\log4j-core\2.22.1\log4j-core-2.22.1.jar;C:\Users\ramil\.m2\repository\org\apache\logging\log4j\log4j-api\2.22.1\log4j-api-2.22.1.jar;C:\Users\ramil\.m2\repository\com\aventstack\extentreports\5.0.9\extentreports-5.0.9.jar;C:\Users\ramil\.m2\repository\io\reactivex\rxjava3\rxjava\3.0.4\rxjava-3.0.4.jar;C:\Users\ramil\.m2\repository\org\reactivestreams\reactive-streams\1.0.3\reactive-streams-1.0.3.jar;C:\Users\ramil\.m2\repository\org\freemarker\freemarker\2.3.30\freemarker-2.3.30.jar;C:\Users\ramil\.m2\repository\org\projectlombok\lombok\1.18.28\lombok-1.18.28.jar;"/>
    <property name="sun.cpu.endian" value="little"/>
    <property name="user.home" value="C:\Users\ramil"/>
    <property name="user.language" value="en"/>
    <property name="java.specification.vendor" value="Oracle Corporation"/>
    <property name="java.version.date" value="2023-10-17"/>
    <property name="java.home" value="C:\Program Files\Java\jdk-17"/>
    <property name="file.separator" value="\"/>
    <property name="basedir" value="C:\Eclipseworkspacenew\SeleniumAutomationFrameworkPOM"/>
    <property name="java.vm.compressedOopsMode" value="32-bit"/>
    <property name="line.separator" value="&#10;"/>
    <property name="java.vm.specification.vendor" value="Oracle Corporation"/>
    <property name="java.specification.name" value="Java Platform API Specification"/>
    <property name="surefire.real.class.path" value="C:\Users\ramil\AppData\Local\Temp\surefire17600626628612412285\surefirebooter14800785870388278991.jar"/>
    <property name="user.script" value=""/>
    <property name="sun.management.compiler" value="HotSpot 64-Bit Tiered Compilers"/>
    <property name="java.runtime.version" value="17.0.9+11-LTS-201"/>
    <property name="user.name" value="ramil"/>
    <property name="path.separator" value=";"/>
    <property name="os.version" value="10.0"/>
    <property name="java.runtime.name" value="Java(TM) SE Runtime Environment"/>
    <property name="file.encoding" value="Cp1252"/>
    <property name="java.vm.name" value="Java HotSpot(TM) 64-Bit Server VM"/>
    <property name="localRepository" value="C:\Users\ramil\.m2\repository"/>
    <property name="java.vendor.url.bug" value="https://bugreport.java.com/bugreport/"/>
    <property name="java.io.tmpdir" value="C:\Users\ramil\AppData\Local\Temp\"/>
    <property name="java.version" value="17.0.9"/>
    <property name="user.dir" value="C:\Eclipseworkspacenew\SeleniumAutomationFrameworkPOM"/>
    <property name="os.arch" value="amd64"/>
    <property name="java.vm.specification.name" value="Java Virtual Machine Specification"/>
    <property name="sun.os.patch.level" value=""/>
    <property name="native.encoding" value="Cp1252"/>
    <property name="java.library.path" value="C:\Program Files\Java\jdk-17\bin;C:\WINDOWS\Sun\Java\bin;C:\WINDOWS\system32;C:\WINDOWS;C:\Program Files\apache-maven-3.9.6/bin;C:\Program Files\Java\jdk-17/bin;C:\Program Files\Java\jdk-17/bin;C:\Program Files\Common Files\Oracle\Java\javapath;C:\WINDOWS\system32;C:\WINDOWS;C:\WINDOWS\System32\Wbem;C:\WINDOWS\System32\WindowsPowerShell\v1.0\;C:\WINDOWS\System32\OpenSSH\;C:\Program Files\Java\jdk-17\bin;C:\Program Files\apache-maven-3.9.6\bin;C:\Program Files\Git\cmd;C:\Program Files\nodejs\;C:\Users\ramil\AppData\Local\Android\Sdk\tools;C:\Users\ramil\AppData\Local\Android\Sdk\tools\bin;C:\Users\ramil\AppData\Local\Android\Sdk\platform-tools;C:\Program Files\MySQL\MySQL Server 8.0\bin;C:\Program Files\MySQL\MySQL Shell 8.0\bin\;C:\Users\ramil\AppData\Local\Microsoft\WindowsApps;C:\Users\ramil\AppData\Roaming\npm;."/>
    <property name="java.vm.info" value="mixed mode, sharing"/>
    <property name="java.vendor" value="Oracle Corporation"/>
    <property name="java.vm.version" value="17.0.9+11-LTS-201"/>
    <property name="sun.io.unicode.encoding" value="UnicodeLittle"/>
    <property name="java.class.version" value="61.0"/>
  </properties>
  <testcase name="TC1ErrormsgEmptyPassword" classname="com.Salesforce.automationscripts.LoginAutomationScript" time="2.766">
    <failure message="stale element reference: stale element not found&#10;  (Session info: chrome=125.0.6422.77)&#10;For documentation on this error, please visit: https://www.seleniumhq.org/exceptions/stale_element_reference.html&#10;Build info: version: &apos;3.141.59&apos;, revision: &apos;e82be7d358&apos;, time: &apos;2018-11-14T08:17:03&apos;&#10;System info: host: &apos;DESKTOP-ROLOOPG&apos;, ip: &apos;192.168.1.3&apos;, os.name: &apos;Windows 11&apos;, os.arch: &apos;amd64&apos;, os.version: &apos;10.0&apos;, java.version: &apos;17.0.9&apos;&#10;Driver info: org.openqa.selenium.chrome.ChromeDriver&#10;Capabilities {acceptInsecureCerts: false, browserName: chrome, browserVersion: 125.0.6422.77, chrome: {chromedriverVersion: 125.0.6422.78 (14db42ec38ad..., userDataDir: C:\Users\ramil\AppData\Loca...}, fedcm:accounts: true, goog:chromeOptions: {debuggerAddress: localhost:57392}, javascriptEnabled: true, networkConnectionEnabled: false, pageLoadStrategy: normal, platform: WINDOWS, platformName: WINDOWS, proxy: Proxy(), setWindowRect: true, strictFileInteractability: false, timeouts: {implicit: 0, pageLoad: 300000, script: 30000}, unhandledPromptBehavior: dismiss and notify, webauthn:extension:credBlob: true, webauthn:extension:largeBlob: true, webauthn:extension:minPinLength: true, webauthn:extension:prf: true, webauthn:virtualAuthenticators: true}&#10;Session ID: 9d00622448d921844c2eb722933d2d56" type="org.openqa.selenium.StaleElementReferenceException">org.openqa.selenium.StaleElementReferenceException: 
stale element reference: stale element not found
  (Session info: chrome=125.0.6422.77)
For documentation on this error, please visit: https://www.seleniumhq.org/exceptions/stale_element_reference.html
Build info: version: '3.141.59', revision: 'e82be7d358', time: '2018-11-14T08:17:03'
System info: host: 'DESKTOP-ROLOOPG', ip: '192.168.1.3', os.name: 'Windows 11', os.arch: 'amd64', os.version: '10.0', java.version: '17.0.9'
Driver info: org.openqa.selenium.chrome.ChromeDriver
Capabilities {acceptInsecureCerts: false, browserName: chrome, browserVersion: 125.0.6422.77, chrome: {chromedriverVersion: 125.0.6422.78 (14db42ec38ad..., userDataDir: C:\Users\ramil\AppData\Loca...}, fedcm:accounts: true, goog:chromeOptions: {debuggerAddress: localhost:57392}, javascriptEnabled: true, networkConnectionEnabled: false, pageLoadStrategy: normal, platform: WINDOWS, platformName: WINDOWS, proxy: Proxy(), setWindowRect: true, strictFileInteractability: false, timeouts: {implicit: 0, pageLoad: 300000, script: 30000}, unhandledPromptBehavior: dismiss and notify, webauthn:extension:credBlob: true, webauthn:extension:largeBlob: true, webauthn:extension:minPinLength: true, webauthn:extension:prf: true, webauthn:virtualAuthenticators: true}
Session ID: 9d00622448d921844c2eb722933d2d56
	at com.Salesforce.automationscripts.LoginAutomationScript.TC1ErrormsgEmptyPassword(LoginAutomationScript.java:47)
</failure>
    <system-out><![CDATA[2024-05-24 17:41:32 [main] INFO  com.Salesforce.utilities.SFListener - .............SFTest....has started................
2024-05-24 17:41:32 [TestNG-test=SFTest-2] INFO  com.Salesforce.base.BaseTest - ---------------------SFBeforeMethod Executed----------------------------
2024-05-24 17:41:32 [TestNG-test=SFTest-1] INFO  com.Salesforce.base.BaseTest - ---------------------SFBeforeMethod Executed----------------------------
2024-05-24 17:41:44 [TestNG-test=SFTest-2] INFO  com.Salesforce.base.BaseTest - https://login.salesforce.com/ is entered
2024-05-24 17:41:44 [TestNG-test=SFTest-2] INFO  com.Salesforce.utilities.SFListener - .............TC2HomepageDisplay.......test execution started........
2024-05-24 17:41:45 [TestNG-test=SFTest-2] INFO  com.Salesforce.pages.base.BasePage - Login Page is waiting for visibility
2024-05-24 17:41:45 [TestNG-test=SFTest-1] INFO  com.Salesforce.base.BaseTest - https://login.salesforce.com/ is entered
2024-05-24 17:41:45 [TestNG-test=SFTest-1] INFO  com.Salesforce.utilities.SFListener - .............TC1ErrormsgEmptyPassword.......test execution started........
2024-05-24 17:41:45 [TestNG-test=SFTest-1] INFO  com.Salesforce.pages.base.BasePage - Login Page is waiting for visibility
2024-05-24 17:41:45 [TestNG-test=SFTest-1] INFO  com.Salesforce.pages.base.BasePage - Title text fetched from the current title
2024-05-24 17:41:45 [TestNG-test=SFTest-1] INFO  com.Salesforce.pages.base.BasePage - Login Page title Test case is passed
2024-05-24 17:41:45 [TestNG-test=SFTest-2] INFO  com.Salesforce.pages.base.BasePage - Title text fetched from the current title
2024-05-24 17:41:45 [TestNG-test=SFTest-2] INFO  com.Salesforce.pages.base.BasePage - Login Page display Test case is passed
2024-05-24 17:41:46 [TestNG-test=SFTest-2] INFO  com.Salesforce.pages.base.BasePage - data is entered in Username textbox textbox
2024-05-24 17:41:46 [TestNG-test=SFTest-1] INFO  com.Salesforce.pages.base.BasePage - data is entered in Username textbox textbox
2024-05-24 17:41:46 [TestNG-test=SFTest-1] INFO  com.Salesforce.pages.base.BasePage - Attribute value is extracted from Username value
2024-05-24 17:41:46 [TestNG-test=SFTest-1] ERROR com.Salesforce.pages.base.BasePage - Username text visible Test case failed
2024-05-24 17:41:47 [TestNG-test=SFTest-2] INFO  com.Salesforce.pages.base.BasePage - data is entered in Password textbox textbox
2024-05-24 17:41:47 [TestNG-test=SFTest-1] INFO  com.Salesforce.pages.base.BasePage - data is entered in Password textbox textbox
2024-05-24 17:41:47 [TestNG-test=SFTest-1] INFO  com.Salesforce.pages.base.BasePage - Password txt is empty Test case is passed
2024-05-24 17:41:47 [TestNG-test=SFTest-2] INFO  com.Salesforce.pages.base.BasePage - Login button button is clicked
]]></system-out>
    <system-err><![CDATA[SLF4J(W): No SLF4J providers were found.
SLF4J(W): Defaulting to no-operation (NOP) logger implementation
SLF4J(W): See https://www.slf4j.org/codes.html#noProviders for further details.
Starting ChromeDriver 125.0.6422.78 (14db42ec38aded3304a3e624a0a038e02956b87e-refs/branch-heads/6422@{#1088}) on port 17737
Only local connections are allowed.
Please see https://chromedriver.chromium.org/security-considerations for suggestions on keeping ChromeDriver safe.
Starting ChromeDriver 125.0.6422.78 (14db42ec38aded3304a3e624a0a038e02956b87e-refs/branch-heads/6422@{#1088}) on port 43615
Only local connections are allowed.
Please see https://chromedriver.chromium.org/security-considerations for suggestions on keeping ChromeDriver safe.
ChromeDriver was started successfully.
ChromeDriver was started successfully.
May 24, 2024 5:41:42 PM org.openqa.selenium.remote.ProtocolHandshake createSession
INFO: Detected dialect: W3C
May 24, 2024 5:41:42 PM org.openqa.selenium.remote.ProtocolHandshake createSession
INFO: Detected dialect: W3C
]]></system-err>
  </testcase>
  <testcase name="TC1ErrormsgEmptyPassword" classname="com.Salesforce.automationscripts.LoginAutomationScript" time="2.712"/>
  <testcase name="TC2HomepageDisplay" classname="com.Salesforce.automationscripts.LoginAutomationScript" time="61.438">
    <failure message="HomePage display expected [Home Page ~ Salesforce - Developer Edition] but found [Change Your Password | Salesforce]" type="java.lang.AssertionError">java.lang.AssertionError: HomePage display expected [Home Page ~ Salesforce - Developer Edition] but found [Change Your Password | Salesforce]
	at com.Salesforce.automationscripts.LoginAutomationScript.TC2HomepageDisplay(LoginAutomationScript.java:84)
</failure>
    <system-out><![CDATA[2024-05-24 17:41:47 [TestNG-test=SFTest-1] INFO  com.Salesforce.utilities.SFListener - .............TC1ErrormsgEmptyPassword.......test execution completed with failure........
2024-05-24 17:41:48 [TestNG-test=SFTest-1] INFO  com.Salesforce.base.BaseTest - ---------------------SFAfterMethod Executed----------------------------
2024-05-24 17:41:49 [TestNG-test=SFTest-1] INFO  com.Salesforce.base.BaseTest - browser instance closed
2024-05-24 17:41:49 [TestNG-test=SFTest-1] INFO  com.Salesforce.base.BaseTest - ---------------------SFBeforeMethod Executed----------------------------
2024-05-24 17:41:51 [TestNG-test=SFTest-1] INFO  com.Salesforce.base.BaseTest - https://login.salesforce.com/ is entered
2024-05-24 17:41:51 [TestNG-test=SFTest-1] INFO  com.Salesforce.utilities.SFListener - .............TC3RememberCheckboxUsername.......test execution started........
2024-05-24 17:41:51 [TestNG-test=SFTest-1] INFO  com.Salesforce.pages.base.BasePage - Login Page is waiting for visibility
2024-05-24 17:41:51 [TestNG-test=SFTest-1] INFO  com.Salesforce.pages.base.BasePage - Title text fetched from the current title
2024-05-24 17:41:51 [TestNG-test=SFTest-1] INFO  com.Salesforce.pages.base.BasePage - Login Page display Test case is passed
2024-05-24 17:41:52 [TestNG-test=SFTest-2] INFO  com.Salesforce.pages.base.BasePage - Home Page is waiting for visibility
2024-05-24 17:41:53 [TestNG-test=SFTest-1] INFO  com.Salesforce.pages.base.BasePage - data is entered in Username textbox textbox
2024-05-24 17:41:53 [TestNG-test=SFTest-1] INFO  com.Salesforce.pages.base.BasePage - data is entered in Password textbox textbox
2024-05-24 17:41:53 [TestNG-test=SFTest-1] INFO  com.Salesforce.pages.base.BasePage - check box element is checked
2024-05-24 17:41:58 [TestNG-test=SFTest-1] INFO  com.Salesforce.pages.base.BasePage - Login button button is clicked
2024-05-24 17:41:58 [TestNG-test=SFTest-1] INFO  com.Salesforce.pages.base.BasePage - Home Page is waiting for visibility
2024-05-24 17:42:53 [TestNG-test=SFTest-2] ERROR com.Salesforce.pages.base.BasePage - Home Page is not visible
2024-05-24 17:42:53 [TestNG-test=SFTest-2] INFO  com.Salesforce.pages.base.BasePage - Title text fetched from the current title
2024-05-24 17:42:53 [TestNG-test=SFTest-2] ERROR com.Salesforce.pages.base.BasePage - HomePage display Test case failed
]]></system-out>
    <system-err><![CDATA[Starting ChromeDriver 125.0.6422.78 (14db42ec38aded3304a3e624a0a038e02956b87e-refs/branch-heads/6422@{#1088}) on port 38487
Only local connections are allowed.
Please see https://chromedriver.chromium.org/security-considerations for suggestions on keeping ChromeDriver safe.
ChromeDriver was started successfully.
May 24, 2024 5:41:51 PM org.openqa.selenium.remote.ProtocolHandshake createSession
INFO: Detected dialect: W3C
]]></system-err>
  </testcase>
  <testcase name="TC2HomepageDisplay" classname="com.Salesforce.automationscripts.LoginAutomationScript" time="67.327">
    <failure message="invalid session id&#10;Build info: version: &apos;3.141.59&apos;, revision: &apos;e82be7d358&apos;, time: &apos;2018-11-14T08:17:03&apos;&#10;System info: host: &apos;DESKTOP-ROLOOPG&apos;, ip: &apos;192.168.1.3&apos;, os.name: &apos;Windows 11&apos;, os.arch: &apos;amd64&apos;, os.version: &apos;10.0&apos;, java.version: &apos;17.0.9&apos;&#10;Driver info: org.openqa.selenium.edge.EdgeDriver&#10;Capabilities {acceptInsecureCerts: false, browserName: MicrosoftEdge, browserVersion: 125.0.2535.51, fedcm:accounts: true, javascriptEnabled: true, ms:edgeOptions: {debuggerAddress: localhost:57780}, msedge: {msedgedriverVersion: 125.0.2535.51 (b1bc6e892654..., userDataDir: C:\Users\ramil\AppData\Loca...}, networkConnectionEnabled: false, pageLoadStrategy: normal, platform: WINDOWS, platformName: WINDOWS, proxy: Proxy(), setWindowRect: true, strictFileInteractability: false, timeouts: {implicit: 0, pageLoad: 300000, script: 30000}, unhandledPromptBehavior: dismiss and notify, webauthn:extension:credBlob: true, webauthn:extension:largeBlob: true, webauthn:extension:minPinLength: true, webauthn:extension:prf: true, webauthn:virtualAuthenticators: true}&#10;Session ID: 0695c96bda053076e92ca544a27e61ff" type="org.openqa.selenium.NoSuchSessionException">org.openqa.selenium.NoSuchSessionException: 
invalid session id
Build info: version: '3.141.59', revision: 'e82be7d358', time: '2018-11-14T08:17:03'
System info: host: 'DESKTOP-ROLOOPG', ip: '192.168.1.3', os.name: 'Windows 11', os.arch: 'amd64', os.version: '10.0', java.version: '17.0.9'
Driver info: org.openqa.selenium.edge.EdgeDriver
Capabilities {acceptInsecureCerts: false, browserName: MicrosoftEdge, browserVersion: 125.0.2535.51, fedcm:accounts: true, javascriptEnabled: true, ms:edgeOptions: {debuggerAddress: localhost:57780}, msedge: {msedgedriverVersion: 125.0.2535.51 (b1bc6e892654..., userDataDir: C:\Users\ramil\AppData\Loca...}, networkConnectionEnabled: false, pageLoadStrategy: normal, platform: WINDOWS, platformName: WINDOWS, proxy: Proxy(), setWindowRect: true, strictFileInteractability: false, timeouts: {implicit: 0, pageLoad: 300000, script: 30000}, unhandledPromptBehavior: dismiss and notify, webauthn:extension:credBlob: true, webauthn:extension:largeBlob: true, webauthn:extension:minPinLength: true, webauthn:extension:prf: true, webauthn:virtualAuthenticators: true}
Session ID: 0695c96bda053076e92ca544a27e61ff
	at com.Salesforce.automationscripts.LoginAutomationScript.TC2HomepageDisplay(LoginAutomationScript.java:82)
</failure>
    <system-out><![CDATA[2024-05-24 17:44:35 [TestNG-test=SFTest1-1] INFO  com.Salesforce.utilities.SFListener - .............TC3RememberCheckboxUsername.......test execution completed with failure........
2024-05-24 17:44:35 [TestNG-test=SFTest1-1] INFO  com.Salesforce.base.BaseTest - ---------------------SFAfterMethod Executed----------------------------
2024-05-24 17:44:36 [TestNG-test=SFTest1-1] INFO  com.Salesforce.base.BaseTest - browser instance closed
2024-05-24 17:44:36 [TestNG-test=SFTest1-1] INFO  com.Salesforce.base.BaseTest - ---------------------SFBeforeMethod Executed----------------------------
2024-05-24 17:44:36 [TestNG-test=SFTest1-2] ERROR com.Salesforce.pages.base.BasePage - Home Page is not visible
]]></system-out>
    <system-err><![CDATA[Starting Microsoft Edge WebDriver 125.0.2535.51 (b1bc6e89265460630448e2b98583a45f33a8c7e9) on port 30479
To submit feedback, report a bug, or suggest new features, please visit https://github.com/MicrosoftEdge/EdgeWebDriver

Only local connections are allowed.
Please see https://aka.ms/WebDriverSecurity for suggestions on keeping Microsoft Edge WebDriver safe.

]]></system-err>
  </testcase>
  <testcase name="TC2HomepageDisplay" classname="com.Salesforce.automationscripts.LoginAutomationScript" time="67.328">
    <failure message="Cannot invoke &quot;org.openqa.selenium.TakesScreenshot.getScreenshotAs(org.openqa.selenium.OutputType)&quot; because &quot;screenCapture&quot; is null" type="java.lang.NullPointerException">java.lang.NullPointerException: Cannot invoke "org.openqa.selenium.TakesScreenshot.getScreenshotAs(org.openqa.selenium.OutputType)" because "screenCapture" is null
</failure>
    <system-out><![CDATA[2024-05-24 17:44:36 [TestNG-test=SFTest1-2] INFO  com.Salesforce.utilities.SFListener - .............TC2HomepageDisplay.......test execution completed with failure........
]]></system-out>
  </testcase>
  <testcase name="TC3RememberCheckboxUsername" classname="com.Salesforce.automationscripts.LoginAutomationScript" time="62.547">
    <failure message="invalid session id&#10;Build info: version: &apos;3.141.59&apos;, revision: &apos;e82be7d358&apos;, time: &apos;2018-11-14T08:17:03&apos;&#10;System info: host: &apos;DESKTOP-ROLOOPG&apos;, ip: &apos;192.168.1.3&apos;, os.name: &apos;Windows 11&apos;, os.arch: &apos;amd64&apos;, os.version: &apos;10.0&apos;, java.version: &apos;17.0.9&apos;&#10;Driver info: org.openqa.selenium.chrome.ChromeDriver&#10;Capabilities {acceptInsecureCerts: false, browserName: chrome, browserVersion: 125.0.6422.77, chrome: {chromedriverVersion: 125.0.6422.78 (14db42ec38ad..., userDataDir: C:\Users\ramil\AppData\Loca...}, fedcm:accounts: true, goog:chromeOptions: {debuggerAddress: localhost:57448}, javascriptEnabled: true, networkConnectionEnabled: false, pageLoadStrategy: normal, platform: WINDOWS, platformName: WINDOWS, proxy: Proxy(), setWindowRect: true, strictFileInteractability: false, timeouts: {implicit: 0, pageLoad: 300000, script: 30000}, unhandledPromptBehavior: dismiss and notify, webauthn:extension:credBlob: true, webauthn:extension:largeBlob: true, webauthn:extension:minPinLength: true, webauthn:extension:prf: true, webauthn:virtualAuthenticators: true}&#10;Session ID: 1d6e716ebe5d0bc4b318e20ea6745c9a" type="org.openqa.selenium.NoSuchSessionException">org.openqa.selenium.NoSuchSessionException: 
invalid session id
Build info: version: '3.141.59', revision: 'e82be7d358', time: '2018-11-14T08:17:03'
System info: host: 'DESKTOP-ROLOOPG', ip: '192.168.1.3', os.name: 'Windows 11', os.arch: 'amd64', os.version: '10.0', java.version: '17.0.9'
Driver info: org.openqa.selenium.chrome.ChromeDriver
Capabilities {acceptInsecureCerts: false, browserName: chrome, browserVersion: 125.0.6422.77, chrome: {chromedriverVersion: 125.0.6422.78 (14db42ec38ad..., userDataDir: C:\Users\ramil\AppData\Loca...}, fedcm:accounts: true, goog:chromeOptions: {debuggerAddress: localhost:57448}, javascriptEnabled: true, networkConnectionEnabled: false, pageLoadStrategy: normal, platform: WINDOWS, platformName: WINDOWS, proxy: Proxy(), setWindowRect: true, strictFileInteractability: false, timeouts: {implicit: 0, pageLoad: 300000, script: 30000}, unhandledPromptBehavior: dismiss and notify, webauthn:extension:credBlob: true, webauthn:extension:largeBlob: true, webauthn:extension:minPinLength: true, webauthn:extension:prf: true, webauthn:virtualAuthenticators: true}
Session ID: 1d6e716ebe5d0bc4b318e20ea6745c9a
	at com.Salesforce.automationscripts.LoginAutomationScript.TC3RememberCheckboxUsername(LoginAutomationScript.java:111)
</failure>
    <system-out><![CDATA[2024-05-24 17:42:53 [TestNG-test=SFTest-2] INFO  com.Salesforce.utilities.SFListener - .............TC2HomepageDisplay.......test execution completed with failure........
2024-05-24 17:42:53 [TestNG-test=SFTest-2] INFO  com.Salesforce.base.BaseTest - ---------------------SFAfterMethod Executed----------------------------
2024-05-24 17:42:53 [TestNG-test=SFTest-2] INFO  com.Salesforce.base.BaseTest - browser instance closed
2024-05-24 17:42:53 [TestNG-test=SFTest-2] INFO  com.Salesforce.base.BaseTest - ---------------------SFBeforeMethod Executed----------------------------
2024-05-24 17:42:54 [TestNG-test=SFTest-1] ERROR com.Salesforce.pages.base.BasePage - Home Page is not visible
]]></system-out>
    <system-err><![CDATA[Starting ChromeDriver 125.0.6422.78 (14db42ec38aded3304a3e624a0a038e02956b87e-refs/branch-heads/6422@{#1088}) on port 62813
Only local connections are allowed.
Please see https://chromedriver.chromium.org/security-considerations for suggestions on keeping ChromeDriver safe.
ChromeDriver was started successfully.
]]></system-err>
  </testcase>
  <testcase name="TC3RememberCheckboxUsername" classname="com.Salesforce.automationscripts.LoginAutomationScript" time="62.561">
    <failure message="Cannot invoke &quot;org.openqa.selenium.TakesScreenshot.getScreenshotAs(org.openqa.selenium.OutputType)&quot; because &quot;screenCapture&quot; is null" type="java.lang.NullPointerException">java.lang.NullPointerException: Cannot invoke "org.openqa.selenium.TakesScreenshot.getScreenshotAs(org.openqa.selenium.OutputType)" because "screenCapture" is null
</failure>
    <system-out><![CDATA[2024-05-24 17:42:54 [TestNG-test=SFTest-1] INFO  com.Salesforce.utilities.SFListener - .............TC3RememberCheckboxUsername.......test execution completed with failure........
]]></system-out>
  </testcase>
  <testcase name="TC3RememberCheckboxUsername" classname="com.Salesforce.automationscripts.LoginAutomationScript" time="66.351">
    <failure message="HomePage display expected [Home Page ~ Salesforce - Developer Edition] but found [Change Your Password | Salesforce]" type="java.lang.AssertionError">java.lang.AssertionError: HomePage display expected [Home Page ~ Salesforce - Developer Edition] but found [Change Your Password | Salesforce]
	at com.Salesforce.automationscripts.LoginAutomationScript.TC3RememberCheckboxUsername(LoginAutomationScript.java:113)
</failure>
    <system-out><![CDATA[2024-05-24 17:43:23 [TestNG-test=SFTest1-1] INFO  com.Salesforce.utilities.SFListener - .............TC1ErrormsgEmptyPassword.......test execution completed with success........
2024-05-24 17:43:23 [TestNG-test=SFTest1-1] INFO  com.Salesforce.base.BaseTest - ---------------------SFAfterMethod Executed----------------------------
2024-05-24 17:43:24 [TestNG-test=SFTest1-2] INFO  com.Salesforce.pages.base.BasePage - data is entered in Password textbox textbox
2024-05-24 17:43:24 [TestNG-test=SFTest1-1] INFO  com.Salesforce.base.BaseTest - browser instance closed
2024-05-24 17:43:24 [TestNG-test=SFTest1-1] INFO  com.Salesforce.base.BaseTest - ---------------------SFBeforeMethod Executed----------------------------
2024-05-24 17:43:28 [TestNG-test=SFTest1-1] INFO  com.Salesforce.base.BaseTest - https://login.salesforce.com/ is entered
2024-05-24 17:43:28 [TestNG-test=SFTest1-1] INFO  com.Salesforce.utilities.SFListener - .............TC3RememberCheckboxUsername.......test execution started........
2024-05-24 17:43:29 [TestNG-test=SFTest1-1] INFO  com.Salesforce.pages.base.BasePage - Login Page is waiting for visibility
2024-05-24 17:43:30 [TestNG-test=SFTest1-1] INFO  com.Salesforce.pages.base.BasePage - Title text fetched from the current title
2024-05-24 17:43:30 [TestNG-test=SFTest1-1] INFO  com.Salesforce.pages.base.BasePage - Login Page display Test case is passed
2024-05-24 17:43:30 [TestNG-test=SFTest1-1] INFO  com.Salesforce.pages.base.BasePage - data is entered in Username textbox textbox
2024-05-24 17:43:32 [TestNG-test=SFTest1-1] INFO  com.Salesforce.pages.base.BasePage - data is entered in Password textbox textbox
2024-05-24 17:43:32 [TestNG-test=SFTest1-1] INFO  com.Salesforce.pages.base.BasePage - check box element is checked
2024-05-24 17:43:32 [TestNG-test=SFTest1-2] INFO  com.Salesforce.pages.base.BasePage - Login button button is clicked
2024-05-24 17:43:34 [TestNG-test=SFTest1-1] INFO  com.Salesforce.pages.base.BasePage - Login button button is clicked
2024-05-24 17:43:34 [TestNG-test=SFTest1-1] INFO  com.Salesforce.pages.base.BasePage - Home Page is waiting for visibility
2024-05-24 17:43:37 [TestNG-test=SFTest1-2] INFO  com.Salesforce.pages.base.BasePage - Home Page is waiting for visibility
2024-05-24 17:44:35 [TestNG-test=SFTest1-1] ERROR com.Salesforce.pages.base.BasePage - Home Page is not visible
2024-05-24 17:44:35 [TestNG-test=SFTest1-1] INFO  com.Salesforce.pages.base.BasePage - Title text fetched from the current title
2024-05-24 17:44:35 [TestNG-test=SFTest1-1] ERROR com.Salesforce.pages.base.BasePage - HomePage display Test case failed
]]></system-out>
    <system-err><![CDATA[Starting Microsoft Edge WebDriver 125.0.2535.51 (b1bc6e89265460630448e2b98583a45f33a8c7e9) on port 23370
To submit feedback, report a bug, or suggest new features, please visit https://github.com/MicrosoftEdge/EdgeWebDriver

Only local connections are allowed.
Please see https://aka.ms/WebDriverSecurity for suggestions on keeping Microsoft Edge WebDriver safe.

Microsoft Edge WebDriver was started successfully.
May 24, 2024 5:43:27 PM org.openqa.selenium.remote.ProtocolHandshake createSession
INFO: Detected dialect: W3C
]]></system-err>
  </testcase>
  <testcase name="TC4BErrormsgWrongIdPassword" classname="com.Salesforce.automationscripts.LoginAutomationScript" time="2.962">
    <failure message="stale element reference: stale element not found&#10;  (Session info: chrome=125.0.6422.77)&#10;For documentation on this error, please visit: https://www.seleniumhq.org/exceptions/stale_element_reference.html&#10;Build info: version: &apos;3.141.59&apos;, revision: &apos;e82be7d358&apos;, time: &apos;2018-11-14T08:17:03&apos;&#10;System info: host: &apos;DESKTOP-ROLOOPG&apos;, ip: &apos;192.168.1.3&apos;, os.name: &apos;Windows 11&apos;, os.arch: &apos;amd64&apos;, os.version: &apos;10.0&apos;, java.version: &apos;17.0.9&apos;&#10;Driver info: org.openqa.selenium.chrome.ChromeDriver&#10;Capabilities {acceptInsecureCerts: false, browserName: chrome, browserVersion: 125.0.6422.77, chrome: {chromedriverVersion: 125.0.6422.78 (14db42ec38ad..., userDataDir: C:\Users\ramil\AppData\Loca...}, fedcm:accounts: true, goog:chromeOptions: {debuggerAddress: localhost:57588}, javascriptEnabled: true, networkConnectionEnabled: false, pageLoadStrategy: normal, platform: WINDOWS, platformName: WINDOWS, proxy: Proxy(), setWindowRect: true, strictFileInteractability: false, timeouts: {implicit: 0, pageLoad: 300000, script: 30000}, unhandledPromptBehavior: dismiss and notify, webauthn:extension:credBlob: true, webauthn:extension:largeBlob: true, webauthn:extension:minPinLength: true, webauthn:extension:prf: true, webauthn:virtualAuthenticators: true}&#10;Session ID: a98f33b54fb3628b9c745da4ad09aca7" type="org.openqa.selenium.StaleElementReferenceException">org.openqa.selenium.StaleElementReferenceException: 
stale element reference: stale element not found
  (Session info: chrome=125.0.6422.77)
For documentation on this error, please visit: https://www.seleniumhq.org/exceptions/stale_element_reference.html
Build info: version: '3.141.59', revision: 'e82be7d358', time: '2018-11-14T08:17:03'
System info: host: 'DESKTOP-ROLOOPG', ip: '192.168.1.3', os.name: 'Windows 11', os.arch: 'amd64', os.version: '10.0', java.version: '17.0.9'
Driver info: org.openqa.selenium.chrome.ChromeDriver
Capabilities {acceptInsecureCerts: false, browserName: chrome, browserVersion: 125.0.6422.77, chrome: {chromedriverVersion: 125.0.6422.78 (14db42ec38ad..., userDataDir: C:\Users\ramil\AppData\Loca...}, fedcm:accounts: true, goog:chromeOptions: {debuggerAddress: localhost:57588}, javascriptEnabled: true, networkConnectionEnabled: false, pageLoadStrategy: normal, platform: WINDOWS, platformName: WINDOWS, proxy: Proxy(), setWindowRect: true, strictFileInteractability: false, timeouts: {implicit: 0, pageLoad: 300000, script: 30000}, unhandledPromptBehavior: dismiss and notify, webauthn:extension:credBlob: true, webauthn:extension:largeBlob: true, webauthn:extension:minPinLength: true, webauthn:extension:prf: true, webauthn:virtualAuthenticators: true}
Session ID: a98f33b54fb3628b9c745da4ad09aca7
	at com.Salesforce.automationscripts.LoginAutomationScript.TC4BErrormsgWrongIdPassword(LoginAutomationScript.java:165)
</failure>
    <system-out><![CDATA[2024-05-24 17:42:54 [TestNG-test=SFTest-1] INFO  com.Salesforce.utilities.SFListener - .............TC3RememberCheckboxUsername.......test execution completed with failure........
2024-05-24 17:42:54 [TestNG-test=SFTest-3] INFO  com.Salesforce.base.BaseTest - ---------------------SFBeforeMethod Executed----------------------------
2024-05-24 17:42:58 [TestNG-test=SFTest-2] INFO  com.Salesforce.base.BaseTest - https://login.salesforce.com/ is entered
2024-05-24 17:42:58 [TestNG-test=SFTest-2] INFO  com.Salesforce.utilities.SFListener - .............TC4AForgotPassword.......test execution started........
2024-05-24 17:42:58 [TestNG-test=SFTest-3] INFO  com.Salesforce.base.BaseTest - https://login.salesforce.com/ is entered
2024-05-24 17:42:58 [TestNG-test=SFTest-3] INFO  com.Salesforce.utilities.SFListener - .............TC4BErrormsgWrongIdPassword.......test execution started........
2024-05-24 17:43:00 [TestNG-test=SFTest-3] INFO  com.Salesforce.pages.base.BasePage - data is entered in Username textbox textbox
2024-05-24 17:43:00 [TestNG-test=SFTest-2] INFO  com.Salesforce.pages.base.BasePage - data is entered in Username textbox textbox
2024-05-24 17:43:00 [TestNG-test=SFTest-3] INFO  com.Salesforce.pages.base.BasePage - data is entered in Password textbox textbox
2024-05-24 17:43:00 [TestNG-test=SFTest-2] INFO  com.Salesforce.pages.base.BasePage - data is entered in Password textbox textbox
2024-05-24 17:43:00 [TestNG-test=SFTest-3] INFO  com.Salesforce.pages.base.BasePage - check box element is checked
2024-05-24 17:43:01 [TestNG-test=SFTest-2] INFO  com.Salesforce.pages.base.BasePage - Forgot Password button button is clicked
]]></system-out>
    <system-err><![CDATA[Exception in thread "TestNG-test=SFTest-1" java.lang.NullPointerException: Cannot invoke "org.openqa.selenium.TakesScreenshot.getScreenshotAs(org.openqa.selenium.OutputType)" because "screenCapture" is null
	at com.Salesforce.base.BaseTest.takescreenshot(BaseTest.java:121)
	at com.Salesforce.utilities.SFListener.onTestFailure(SFListener.java:41)
	at org.testng.internal.TestListenerHelper.runTestListeners(TestListenerHelper.java:99)
	at org.testng.internal.invokers.TestInvoker.runTestResultListener(TestInvoker.java:277)
	at org.testng.internal.invokers.TestInvoker$MethodInvocationAgent.invoke(TestInvoker.java:985)
	at org.testng.internal.invokers.TestInvoker.invokeTestMethods(TestInvoker.java:194)
	at org.testng.internal.invokers.TestMethodWorker.invokeTestMethods(TestMethodWorker.java:148)
	at org.testng.internal.invokers.TestMethodWorker.run(TestMethodWorker.java:128)
	at java.base/java.util.concurrent.ThreadPoolExecutor.runWorker(ThreadPoolExecutor.java:1136)
	at java.base/java.util.concurrent.ThreadPoolExecutor$Worker.run(ThreadPoolExecutor.java:635)
	at java.base/java.lang.Thread.run(Thread.java:842)
Starting ChromeDriver 125.0.6422.78 (14db42ec38aded3304a3e624a0a038e02956b87e-refs/branch-heads/6422@{#1088}) on port 13388
Only local connections are allowed.
Please see https://chromedriver.chromium.org/security-considerations for suggestions on keeping ChromeDriver safe.
ChromeDriver was started successfully.
May 24, 2024 5:42:55 PM org.openqa.selenium.remote.ProtocolHandshake createSession
INFO: Detected dialect: W3C
May 24, 2024 5:42:57 PM org.openqa.selenium.remote.ProtocolHandshake createSession
INFO: Detected dialect: W3C
]]></system-err>
  </testcase>
  <testcase name="TC4BErrormsgWrongIdPassword" classname="com.Salesforce.automationscripts.LoginAutomationScript" time="2.286">
    <failure message="no such element: Unable to locate element: {&quot;method&quot;:&quot;css selector&quot;,&quot;selector&quot;:&quot;#Login&quot;}&#10;  (Session info: MicrosoftEdge=125.0.2535.51)&#10;For documentation on this error, please visit: https://www.seleniumhq.org/exceptions/no_such_element.html&#10;Build info: version: &apos;3.141.59&apos;, revision: &apos;e82be7d358&apos;, time: &apos;2018-11-14T08:17:03&apos;&#10;System info: host: &apos;DESKTOP-ROLOOPG&apos;, ip: &apos;192.168.1.3&apos;, os.name: &apos;Windows 11&apos;, os.arch: &apos;amd64&apos;, os.version: &apos;10.0&apos;, java.version: &apos;17.0.9&apos;&#10;Driver info: org.openqa.selenium.edge.EdgeDriver&#10;Capabilities {acceptInsecureCerts: false, browserName: MicrosoftEdge, browserVersion: 125.0.2535.51, fedcm:accounts: true, javascriptEnabled: true, ms:edgeOptions: {debuggerAddress: localhost:58047}, msedge: {msedgedriverVersion: 125.0.2535.51 (b1bc6e892654..., userDataDir: C:\Users\ramil\AppData\Loca...}, networkConnectionEnabled: false, pageLoadStrategy: normal, platform: WINDOWS, platformName: WINDOWS, proxy: Proxy(), setWindowRect: true, strictFileInteractability: false, timeouts: {implicit: 0, pageLoad: 300000, script: 30000}, unhandledPromptBehavior: dismiss and notify, webauthn:extension:credBlob: true, webauthn:extension:largeBlob: true, webauthn:extension:minPinLength: true, webauthn:extension:prf: true, webauthn:virtualAuthenticators: true}&#10;Session ID: de851c2d3d33b9ca3331827265b65949&#10;*** Element info: {Using=id, value=Login}" type="org.openqa.selenium.NoSuchElementException">org.openqa.selenium.NoSuchElementException: 
no such element: Unable to locate element: {"method":"css selector","selector":"#Login"}
  (Session info: MicrosoftEdge=125.0.2535.51)
For documentation on this error, please visit: https://www.seleniumhq.org/exceptions/no_such_element.html
Build info: version: '3.141.59', revision: 'e82be7d358', time: '2018-11-14T08:17:03'
System info: host: 'DESKTOP-ROLOOPG', ip: '192.168.1.3', os.name: 'Windows 11', os.arch: 'amd64', os.version: '10.0', java.version: '17.0.9'
Driver info: org.openqa.selenium.edge.EdgeDriver
Capabilities {acceptInsecureCerts: false, browserName: MicrosoftEdge, browserVersion: 125.0.2535.51, fedcm:accounts: true, javascriptEnabled: true, ms:edgeOptions: {debuggerAddress: localhost:58047}, msedge: {msedgedriverVersion: 125.0.2535.51 (b1bc6e892654..., userDataDir: C:\Users\ramil\AppData\Loca...}, networkConnectionEnabled: false, pageLoadStrategy: normal, platform: WINDOWS, platformName: WINDOWS, proxy: Proxy(), setWindowRect: true, strictFileInteractability: false, timeouts: {implicit: 0, pageLoad: 300000, script: 30000}, unhandledPromptBehavior: dismiss and notify, webauthn:extension:credBlob: true, webauthn:extension:largeBlob: true, webauthn:extension:minPinLength: true, webauthn:extension:prf: true, webauthn:virtualAuthenticators: true}
Session ID: de851c2d3d33b9ca3331827265b65949
*** Element info: {Using=id, value=Login}
	at com.Salesforce.automationscripts.LoginAutomationScript.TC4BErrormsgWrongIdPassword(LoginAutomationScript.java:165)
</failure>
    <system-out><![CDATA[2024-05-24 17:44:36 [TestNG-test=SFTest1-2] INFO  com.Salesforce.utilities.SFListener - .............TC2HomepageDisplay.......test execution completed with failure........
2024-05-24 17:44:36 [TestNG-test=SFTest1-3] INFO  com.Salesforce.base.BaseTest - ---------------------SFBeforeMethod Executed----------------------------
2024-05-24 17:44:43 [TestNG-test=SFTest1-3] INFO  com.Salesforce.base.BaseTest - https://login.salesforce.com/ is entered
2024-05-24 17:44:43 [TestNG-test=SFTest1-3] INFO  com.Salesforce.utilities.SFListener - .............TC4BErrormsgWrongIdPassword.......test execution started........
2024-05-24 17:44:45 [TestNG-test=SFTest1-1] INFO  com.Salesforce.base.BaseTest - https://login.salesforce.com/ is entered
2024-05-24 17:44:45 [TestNG-test=SFTest1-1] INFO  com.Salesforce.utilities.SFListener - .............TC4AForgotPassword.......test execution started........
2024-05-24 17:44:45 [TestNG-test=SFTest1-3] INFO  com.Salesforce.pages.base.BasePage - data is entered in Username textbox textbox
2024-05-24 17:44:46 [TestNG-test=SFTest1-1] INFO  com.Salesforce.pages.base.BasePage - data is entered in Username textbox textbox
2024-05-24 17:44:46 [TestNG-test=SFTest1-3] INFO  com.Salesforce.pages.base.BasePage - data is entered in Password textbox textbox
2024-05-24 17:44:46 [TestNG-test=SFTest1-1] INFO  com.Salesforce.pages.base.BasePage - data is entered in Password textbox textbox
2024-05-24 17:44:46 [TestNG-test=SFTest1-3] INFO  com.Salesforce.pages.base.BasePage - check box element is checked
2024-05-24 17:44:47 [TestNG-test=SFTest1-1] INFO  com.Salesforce.pages.base.BasePage - Forgot Password button button is clicked
]]></system-out>
    <system-err><![CDATA[Exception in thread "TestNG-test=SFTest1-2" java.lang.NullPointerException: Cannot invoke "org.openqa.selenium.TakesScreenshot.getScreenshotAs(org.openqa.selenium.OutputType)" because "screenCapture" is null
	at com.Salesforce.base.BaseTest.takescreenshot(BaseTest.java:121)
	at com.Salesforce.utilities.SFListener.onTestFailure(SFListener.java:41)
	at org.testng.internal.TestListenerHelper.runTestListeners(TestListenerHelper.java:99)
	at org.testng.internal.invokers.TestInvoker.runTestResultListener(TestInvoker.java:277)
	at org.testng.internal.invokers.TestInvoker$MethodInvocationAgent.invoke(TestInvoker.java:985)
	at org.testng.internal.invokers.TestInvoker.invokeTestMethods(TestInvoker.java:194)
	at org.testng.internal.invokers.TestMethodWorker.invokeTestMethods(TestMethodWorker.java:148)
	at org.testng.internal.invokers.TestMethodWorker.run(TestMethodWorker.java:128)
	at java.base/java.util.concurrent.ThreadPoolExecutor.runWorker(ThreadPoolExecutor.java:1136)
	at java.base/java.util.concurrent.ThreadPoolExecutor$Worker.run(ThreadPoolExecutor.java:635)
	at java.base/java.lang.Thread.run(Thread.java:842)
Starting Microsoft Edge WebDriver 125.0.2535.51 (b1bc6e89265460630448e2b98583a45f33a8c7e9) on port 12303
To submit feedback, report a bug, or suggest new features, please visit https://github.com/MicrosoftEdge/EdgeWebDriver

Only local connections are allowed.
Please see https://aka.ms/WebDriverSecurity for suggestions on keeping Microsoft Edge WebDriver safe.

Microsoft Edge WebDriver was started successfully.
Microsoft Edge WebDriver was started successfully.
May 24, 2024 5:44:39 PM org.openqa.selenium.remote.ProtocolHandshake createSession
INFO: Detected dialect: W3C
May 24, 2024 5:44:42 PM org.openqa.selenium.remote.ProtocolHandshake createSession
INFO: Detected dialect: W3C
]]></system-err>
  </testcase>
  <testcase name="TC4AForgotPassword" classname="com.Salesforce.automationscripts.LoginAutomationScript" time="4.66">
    <failure message="invalid session id&#10;Build info: version: &apos;3.141.59&apos;, revision: &apos;e82be7d358&apos;, time: &apos;2018-11-14T08:17:03&apos;&#10;System info: host: &apos;DESKTOP-ROLOOPG&apos;, ip: &apos;192.168.1.3&apos;, os.name: &apos;Windows 11&apos;, os.arch: &apos;amd64&apos;, os.version: &apos;10.0&apos;, java.version: &apos;17.0.9&apos;&#10;Driver info: org.openqa.selenium.chrome.ChromeDriver&#10;Capabilities {acceptInsecureCerts: false, browserName: chrome, browserVersion: 125.0.6422.77, chrome: {chromedriverVersion: 125.0.6422.78 (14db42ec38ad..., userDataDir: C:\Users\ramil\AppData\Loca...}, fedcm:accounts: true, goog:chromeOptions: {debuggerAddress: localhost:57588}, javascriptEnabled: true, networkConnectionEnabled: false, pageLoadStrategy: normal, platform: WINDOWS, platformName: WINDOWS, proxy: Proxy(), setWindowRect: true, strictFileInteractability: false, timeouts: {implicit: 0, pageLoad: 300000, script: 30000}, unhandledPromptBehavior: dismiss and notify, webauthn:extension:credBlob: true, webauthn:extension:largeBlob: true, webauthn:extension:minPinLength: true, webauthn:extension:prf: true, webauthn:virtualAuthenticators: true}&#10;Session ID: a98f33b54fb3628b9c745da4ad09aca7&#10;*** Element info: {Using=xpath, value=//input[@id=&apos;un&apos;]}" type="org.openqa.selenium.NoSuchSessionException">org.openqa.selenium.NoSuchSessionException: 
invalid session id
Build info: version: '3.141.59', revision: 'e82be7d358', time: '2018-11-14T08:17:03'
System info: host: 'DESKTOP-ROLOOPG', ip: '192.168.1.3', os.name: 'Windows 11', os.arch: 'amd64', os.version: '10.0', java.version: '17.0.9'
Driver info: org.openqa.selenium.chrome.ChromeDriver
Capabilities {acceptInsecureCerts: false, browserName: chrome, browserVersion: 125.0.6422.77, chrome: {chromedriverVersion: 125.0.6422.78 (14db42ec38ad..., userDataDir: C:\Users\ramil\AppData\Loca...}, fedcm:accounts: true, goog:chromeOptions: {debuggerAddress: localhost:57588}, javascriptEnabled: true, networkConnectionEnabled: false, pageLoadStrategy: normal, platform: WINDOWS, platformName: WINDOWS, proxy: Proxy(), setWindowRect: true, strictFileInteractability: false, timeouts: {implicit: 0, pageLoad: 300000, script: 30000}, unhandledPromptBehavior: dismiss and notify, webauthn:extension:credBlob: true, webauthn:extension:largeBlob: true, webauthn:extension:minPinLength: true, webauthn:extension:prf: true, webauthn:virtualAuthenticators: true}
Session ID: a98f33b54fb3628b9c745da4ad09aca7
*** Element info: {Using=xpath, value=//input[@id='un']}
	at com.Salesforce.automationscripts.LoginAutomationScript.TC4AForgotPassword(LoginAutomationScript.java:142)
</failure>
    <system-out><![CDATA[2024-05-24 17:43:01 [TestNG-test=SFTest-3] INFO  com.Salesforce.utilities.SFListener - .............TC4BErrormsgWrongIdPassword.......test execution completed with failure........
2024-05-24 17:43:02 [TestNG-test=SFTest-3] INFO  com.Salesforce.base.BaseTest - ---------------------SFAfterMethod Executed----------------------------
2024-05-24 17:43:02 [TestNG-test=SFTest-3] INFO  com.Salesforce.base.BaseTest - browser instance closed
]]></system-out>
  </testcase>
  <testcase name="TC4AForgotPassword" classname="com.Salesforce.automationscripts.LoginAutomationScript" time="4.661">
    <failure message="Cannot invoke &quot;org.openqa.selenium.TakesScreenshot.getScreenshotAs(org.openqa.selenium.OutputType)&quot; because &quot;screenCapture&quot; is null" type="java.lang.NullPointerException">java.lang.NullPointerException: Cannot invoke "org.openqa.selenium.TakesScreenshot.getScreenshotAs(org.openqa.selenium.OutputType)" because "screenCapture" is null
</failure>
    <system-out><![CDATA[2024-05-24 17:43:03 [TestNG-test=SFTest-2] INFO  com.Salesforce.utilities.SFListener - .............TC4AForgotPassword.......test execution completed with failure........
]]></system-out>
  </testcase>
  <testcase name="TC4AForgotPassword" classname="com.Salesforce.automationscripts.LoginAutomationScript" time="5.816">
    <failure message="invalid session id&#10;Build info: version: &apos;3.141.59&apos;, revision: &apos;e82be7d358&apos;, time: &apos;2018-11-14T08:17:03&apos;&#10;System info: host: &apos;DESKTOP-ROLOOPG&apos;, ip: &apos;192.168.1.3&apos;, os.name: &apos;Windows 11&apos;, os.arch: &apos;amd64&apos;, os.version: &apos;10.0&apos;, java.version: &apos;17.0.9&apos;&#10;Driver info: org.openqa.selenium.edge.EdgeDriver&#10;Capabilities {acceptInsecureCerts: false, browserName: MicrosoftEdge, browserVersion: 125.0.2535.51, fedcm:accounts: true, javascriptEnabled: true, ms:edgeOptions: {debuggerAddress: localhost:58047}, msedge: {msedgedriverVersion: 125.0.2535.51 (b1bc6e892654..., userDataDir: C:\Users\ramil\AppData\Loca...}, networkConnectionEnabled: false, pageLoadStrategy: normal, platform: WINDOWS, platformName: WINDOWS, proxy: Proxy(), setWindowRect: true, strictFileInteractability: false, timeouts: {implicit: 0, pageLoad: 300000, script: 30000}, unhandledPromptBehavior: dismiss and notify, webauthn:extension:credBlob: true, webauthn:extension:largeBlob: true, webauthn:extension:minPinLength: true, webauthn:extension:prf: true, webauthn:virtualAuthenticators: true}&#10;Session ID: de851c2d3d33b9ca3331827265b65949&#10;*** Element info: {Using=xpath, value=//input[@id=&apos;un&apos;]}" type="org.openqa.selenium.NoSuchSessionException">org.openqa.selenium.NoSuchSessionException: 
invalid session id
Build info: version: '3.141.59', revision: 'e82be7d358', time: '2018-11-14T08:17:03'
System info: host: 'DESKTOP-ROLOOPG', ip: '192.168.1.3', os.name: 'Windows 11', os.arch: 'amd64', os.version: '10.0', java.version: '17.0.9'
Driver info: org.openqa.selenium.edge.EdgeDriver
Capabilities {acceptInsecureCerts: false, browserName: MicrosoftEdge, browserVersion: 125.0.2535.51, fedcm:accounts: true, javascriptEnabled: true, ms:edgeOptions: {debuggerAddress: localhost:58047}, msedge: {msedgedriverVersion: 125.0.2535.51 (b1bc6e892654..., userDataDir: C:\Users\ramil\AppData\Loca...}, networkConnectionEnabled: false, pageLoadStrategy: normal, platform: WINDOWS, platformName: WINDOWS, proxy: Proxy(), setWindowRect: true, strictFileInteractability: false, timeouts: {implicit: 0, pageLoad: 300000, script: 30000}, unhandledPromptBehavior: dismiss and notify, webauthn:extension:credBlob: true, webauthn:extension:largeBlob: true, webauthn:extension:minPinLength: true, webauthn:extension:prf: true, webauthn:virtualAuthenticators: true}
Session ID: de851c2d3d33b9ca3331827265b65949
*** Element info: {Using=xpath, value=//input[@id='un']}
	at com.Salesforce.automationscripts.LoginAutomationScript.TC4AForgotPassword(LoginAutomationScript.java:142)
</failure>
    <system-out><![CDATA[2024-05-24 17:44:47 [TestNG-test=SFTest1-3] INFO  com.Salesforce.utilities.SFListener - .............TC4BErrormsgWrongIdPassword.......test execution completed with failure........
2024-05-24 17:44:47 [TestNG-test=SFTest1-3] INFO  com.Salesforce.base.BaseTest - ---------------------SFAfterMethod Executed----------------------------
2024-05-24 17:44:50 [TestNG-test=SFTest1-3] INFO  com.Salesforce.base.BaseTest - browser instance closed
]]></system-out>
  </testcase>
  <testcase name="TC4AForgotPassword" classname="com.Salesforce.automationscripts.LoginAutomationScript" time="5.816">
    <failure message="Cannot invoke &quot;org.openqa.selenium.TakesScreenshot.getScreenshotAs(org.openqa.selenium.OutputType)&quot; because &quot;screenCapture&quot; is null" type="java.lang.NullPointerException">java.lang.NullPointerException: Cannot invoke "org.openqa.selenium.TakesScreenshot.getScreenshotAs(org.openqa.selenium.OutputType)" because "screenCapture" is null
</failure>
    <system-out><![CDATA[2024-05-24 17:44:50 [TestNG-test=SFTest1-1] INFO  com.Salesforce.utilities.SFListener - .............TC4AForgotPassword.......test execution completed with failure........
]]></system-out>
  </testcase>
</testsuite>